<?xml version="1.0" encoding="UTF-8"?>
<!-- Generated by org.testng.reporters.JUnitXMLReporter -->
<testsuite ignored="0" hostname="220-Kaushal-Varma.local" failures="3" tests="3" name="Surefire test" time="607.89" errors="0" timestamp="2025-03-25T15:54:18 IST">
  <testcase classname="com.mishipay.webshopper.testcases.DDFStorePageTest" name="testBoardingPassUpload" time="182.516">
    <failure type="java.lang.RuntimeException" message="[ERROR] Boarding pass upload validation failed. Please check the file format or system response.">
      <![CDATA[java.lang.RuntimeException: [ERROR] Boarding pass upload validation failed. Please check the file format or system response.
at com.mishipay.webshopper.pages.DDFStorePage.uploadBoardingPass(DDFStorePage.java:75)
at com.mishipay.webshopper.testcases.DDFStorePageTest.testBoardingPassUpload(DDFStorePageTest.java:24)
at java.base/java.util.ArrayList.forEach(ArrayList.java:1511)
... Removed 32 stack frames]]>
    </failure>
  </testcase> <!-- testBoardingPassUpload -->
  <testcase classname="com.mishipay.webshopper.testcases.DDFStorePageTest" name="testClickUploadScreenshotButton" time="201.138">
    <failure type="java.lang.RuntimeException" message="[ERROR] Boarding pass upload validation failed. Please check the file format or system response.">
      <![CDATA[java.lang.RuntimeException: [ERROR] Boarding pass upload validation failed. Please check the file format or system response.
at com.mishipay.webshopper.pages.DDFStorePage.uploadBoardingPass(DDFStorePage.java:75)
at com.mishipay.webshopper.testcases.DDFStorePageTest.testClickUploadScreenshotButton(DDFStorePageTest.java:29)
at java.base/java.util.ArrayList.forEach(ArrayList.java:1511)
... Removed 32 stack frames]]>
    </failure>
  </testcase> <!-- testClickUploadScreenshotButton -->
  <testcase classname="com.mishipay.webshopper.testcases.DDFStorePageTest" name="testTransitPopup" time="201.116">
    <failure type="java.lang.RuntimeException" message="[ERROR] Boarding pass upload validation failed. Please check the file format or system response.">
      <![CDATA[java.lang.RuntimeException: [ERROR] Boarding pass upload validation failed. Please check the file format or system response.
at com.mishipay.webshopper.pages.DDFStorePage.uploadBoardingPass(DDFStorePage.java:75)
at com.mishipay.webshopper.pages.DDFStorePage.uploadBoardingPassAndHandleTransit(DDFStorePage.java:38)
at com.mishipay.webshopper.testcases.DDFStorePageTest.testTransitPopup(DDFStorePageTest.java:38)
at java.base/java.util.ArrayList.forEach(ArrayList.java:1511)
... Removed 32 stack frames]]>
    </failure>
  </testcase> <!-- testTransitPopup -->
</testsuite> <!-- Surefire test -->
