<?xml version="1.0" encoding="UTF-8"?>
<!-- Generated by org.testng.reporters.JUnitXMLReporter -->
<testsuite ignored="0" hostname="059-Harshitha-U-B.local" failures="0" tests="5" name="Default test" time="204.602" errors="0" timestamp="2025-03-17T18:21:29 IST">
  <testcase classname="com.mishipay.webshopper.testcases.FlyingTigerStorePageTest" name="verifyFTCStoreLogoIsDisplayed" time="12.516"/>
  <testcase classname="com.mishipay.webshopper.testcases.FlyingTigerStorePageTest" name="verifyFTCItemCanBeAddedToBasket" time="36.725"/>
  <testcase classname="com.mishipay.webshopper.testcases.FlyingTigerStorePageTest" name="verifyDonationPopupAppears" time="10.743"/>
  <testcase classname="com.mishipay.webshopper.testcases.FlyingTigerStorePageTest" name="verifyCheckoutButtonFunctionality" time="10.37"/>
  <testcase classname="com.mishipay.webshopper.testcases.FlyingTigerStorePageTest" name="verifyFTCPaymentScreenFunctionality" time="74.889"/>
</testsuite> <!-- Default test -->
