<?xml version="1.0" encoding="UTF-8"?>
<testsuite xmlns:xsi="http://www.w3.org/2001/XMLSchema-instance" xsi:noNamespaceSchemaLocation="https://maven.apache.org/surefire/maven-surefire-plugin/xsd/surefire-test-report-3.0.xsd" version="3.0" name="TestSuite" time="11.347" tests="6" errors="0" skipped="5" failures="1">
  <properties>
[...]
</properties>
  <testcase name="setUp" classname="com.mishipay.webshopper.testcases.FlyingTigerStorePageTest" time="8.133">
    <failure type="java.lang.ExceptionInInitializerError"><![CDATA[java.lang.ExceptionInInitializerError
	at com.mishipay.webshopper.pages.FlyingTigerStorePage.<init>(FlyingTigerStorePage.java:53)
	at com.mishipay.webshopper.testcases.FlyingTigerStorePageTest.setUp(FlyingTigerStorePageTest.java:34)
	at java.base/jdk.internal.reflect.NativeMethodAccessorImpl.invoke0(Native Method)
	at java.base/jdk.internal.reflect.NativeMethodAccessorImpl.invoke(NativeMethodAccessorImpl.java:77)
	at java.base/jdk.internal.reflect.DelegatingMethodAccessorImpl.invoke(DelegatingMethodAccessorImpl.java:43)
	at java.base/java.lang.reflect.Method.invoke(Method.java:569)
	at org.testng.internal.invokers.MethodInvocationHelper.invokeMethod(MethodInvocationHelper.java:141)
	at org.testng.internal.invokers.MethodInvocationHelper.invokeMethodConsideringTimeout(MethodInvocationHelper.java:71)
	at org.testng.internal.invokers.ConfigInvoker.invokeConfigurationMethod(ConfigInvoker.java:400)
	at org.testng.internal.invokers.ConfigInvoker.invokeConfigurations(ConfigInvoker.java:333)
	at org.testng.internal.invokers.TestMethodWorker.invokeBeforeClassMethods(TestMethodWorker.java:188)
	at org.testng.internal.invokers.TestMethodWorker.run(TestMethodWorker.java:128)
	at java.base/java.util.ArrayList.forEach(ArrayList.java:1511)
	at org.testng.TestRunner.privateRun(TestRunner.java:739)
	at org.testng.TestRunner.run(TestRunner.java:614)
	at org.testng.SuiteRunner.runTest(SuiteRunner.java:421)
	at org.testng.SuiteRunner.runSequentially(SuiteRunner.java:413)
	at org.testng.SuiteRunner.privateRun(SuiteRunner.java:373)
	at org.testng.SuiteRunner.run(SuiteRunner.java:312)
	at org.testng.SuiteRunnerWorker.runSuite(SuiteRunnerWorker.java:52)
	at org.testng.SuiteRunnerWorker.run(SuiteRunnerWorker.java:95)
	at org.testng.TestNG.runSuitesSequentially(TestNG.java:1274)
	at org.testng.TestNG.runSuitesLocally(TestNG.java:1208)
	at org.testng.TestNG.runSuites(TestNG.java:1112)
	at org.testng.TestNG.run(TestNG.java:1079)
	at org.apache.maven.surefire.testng.TestNGExecutor.run(TestNGExecutor.java:308)
	at org.apache.maven.surefire.testng.TestNGXmlTestSuite.execute(TestNGXmlTestSuite.java:71)
	at org.apache.maven.surefire.testng.TestNGProvider.invoke(TestNGProvider.java:113)
	at org.apache.maven.surefire.booter.ForkedBooter.runSuitesInProcess(ForkedBooter.java:385)
	at org.apache.maven.surefire.booter.ForkedBooter.execute(ForkedBooter.java:162)
	at org.apache.maven.surefire.booter.ForkedBooter.run(ForkedBooter.java:507)
	at org.apache.maven.surefire.booter.ForkedBooter.main(ForkedBooter.java:495)
Caused by: java.lang.RuntimeException: Failed to load config.properties file
	at com.mishipay.webshopper.utils.PaymentUtil.<clinit>(PaymentUtil.java:20)
	... 32 more
]]></failure>
    <system-out><![CDATA[Test execution started...
Loaded Properties: {browser=chrome, test.url=https://test-webapp.mishipay.com/retailer/, DDF.store.id=e2028c93-d118-4b6b-9d50-7973eee5ef4f	, FTC.store.id=d7d29a35-0c3b-42df-b4bc-cd7eb52dfc93}
Store ID in setUp: d7d29a35-0c3b-42df-b4bc-cd7eb52dfc93
Loaded Properties: {browser=chrome, test.url=https://test-webapp.mishipay.com/retailer/, DDF.store.id=e2028c93-d118-4b6b-9d50-7973eee5ef4f	, FTC.store.id=d7d29a35-0c3b-42df-b4bc-cd7eb52dfc93}
]]></system-out>
    <system-err><![CDATA[SLF4J: Failed to load class "org.slf4j.impl.StaticLoggerBinder".
SLF4J: Defaulting to no-operation (NOP) logger implementation
SLF4J: See http://www.slf4j.org/codes.html#StaticLoggerBinder for further details.
Mar 24, 2025 4:34:21 PM org.openqa.selenium.devtools.CdpVersionFinder findNearestMatch
WARNING: Unable to find an exact match for CDP version 134, returning the closest version; found: 133; Please update to a Selenium version that supports CDP version 134
java.io.FileNotFoundException: /Downloads/WebappAutomation/WebShopperAutomation/src/main/resources/payments.properties (No such file or directory)
	at java.base/java.io.FileInputStream.open0(Native Method)
	at java.base/java.io.FileInputStream.open(FileInputStream.java:216)
	at java.base/java.io.FileInputStream.<init>(FileInputStream.java:157)
	at java.base/java.io.FileInputStream.<init>(FileInputStream.java:111)
	at com.mishipay.webshopper.utils.PaymentUtil.<clinit>(PaymentUtil.java:15)
	at com.mishipay.webshopper.pages.FlyingTigerStorePage.<init>(FlyingTigerStorePage.java:53)
	at com.mishipay.webshopper.testcases.FlyingTigerStorePageTest.setUp(FlyingTigerStorePageTest.java:34)
	at java.base/jdk.internal.reflect.NativeMethodAccessorImpl.invoke0(Native Method)
	at java.base/jdk.internal.reflect.NativeMethodAccessorImpl.invoke(NativeMethodAccessorImpl.java:77)
	at java.base/jdk.internal.reflect.DelegatingMethodAccessorImpl.invoke(DelegatingMethodAccessorImpl.java:43)
	at java.base/java.lang.reflect.Method.invoke(Method.java:569)
	at org.testng.internal.invokers.MethodInvocationHelper.invokeMethod(MethodInvocationHelper.java:141)
	at org.testng.internal.invokers.MethodInvocationHelper.invokeMethodConsideringTimeout(MethodInvocationHelper.java:71)
	at org.testng.internal.invokers.ConfigInvoker.invokeConfigurationMethod(ConfigInvoker.java:400)
	at org.testng.internal.invokers.ConfigInvoker.invokeConfigurations(ConfigInvoker.java:333)
	at org.testng.internal.invokers.TestMethodWorker.invokeBeforeClassMethods(TestMethodWorker.java:188)
	at org.testng.internal.invokers.TestMethodWorker.run(TestMethodWorker.java:128)
	at java.base/java.util.ArrayList.forEach(ArrayList.java:1511)
	at org.testng.TestRunner.privateRun(TestRunner.java:739)
	at org.testng.TestRunner.run(TestRunner.java:614)
	at org.testng.SuiteRunner.runTest(SuiteRunner.java:421)
	at org.testng.SuiteRunner.runSequentially(SuiteRunner.java:413)
	at org.testng.SuiteRunner.privateRun(SuiteRunner.java:373)
	at org.testng.SuiteRunner.run(SuiteRunner.java:312)
	at org.testng.SuiteRunnerWorker.runSuite(SuiteRunnerWorker.java:52)
	at org.testng.SuiteRunnerWorker.run(SuiteRunnerWorker.java:95)
	at org.testng.TestNG.runSuitesSequentially(TestNG.java:1274)
	at org.testng.TestNG.runSuitesLocally(TestNG.java:1208)
	at org.testng.TestNG.runSuites(TestNG.java:1112)
	at org.testng.TestNG.run(TestNG.java:1079)
	at org.apache.maven.surefire.testng.TestNGExecutor.run(TestNGExecutor.java:308)
	at org.apache.maven.surefire.testng.TestNGXmlTestSuite.execute(TestNGXmlTestSuite.java:71)
	at org.apache.maven.surefire.testng.TestNGProvider.invoke(TestNGProvider.java:113)
	at org.apache.maven.surefire.booter.ForkedBooter.runSuitesInProcess(ForkedBooter.java:385)
	at org.apache.maven.surefire.booter.ForkedBooter.execute(ForkedBooter.java:162)
	at org.apache.maven.surefire.booter.ForkedBooter.run(ForkedBooter.java:507)
	at org.apache.maven.surefire.booter.ForkedBooter.main(ForkedBooter.java:495)
]]></system-err>
  </testcase>
  <testcase name="verifyFTCStoreLogoIsDisplayed[d7d29a35-0c3b-42df-b4bc-cd7eb52dfc93, FTC](1)" classname="com.mishipay.webshopper.testcases.FlyingTigerStorePageTest" time="0.0">
    <skipped/>
  </testcase>
  <testcase name="verifyFTCItemCanBeAddedToBasket" classname="com.mishipay.webshopper.testcases.FlyingTigerStorePageTest" time="0.0">
    <skipped message="Method com.mishipay.webshopper.testcases.FlyingTigerStorePageTest.verifyFTCItemCanBeAddedToBasket() on instance com.mishipay.webshopper.testcases.FlyingTigerStorePageTest@126945f9 depends on not successfully finished methods &#10;[com.mishipay.webshopper.testcases.FlyingTigerStorePageTest.verifyFTCStoreLogoIsDisplayed() on instance com.mishipay.webshopper.testcases.FlyingTigerStorePageTest@126945f9]"/>
  </testcase>
  <testcase name="verifyDonationPopupAppears" classname="com.mishipay.webshopper.testcases.FlyingTigerStorePageTest" time="0.0">
    <skipped message="Method com.mishipay.webshopper.testcases.FlyingTigerStorePageTest.verifyDonationPopupAppears() on instance com.mishipay.webshopper.testcases.FlyingTigerStorePageTest@126945f9 depends on not successfully finished methods &#10;[com.mishipay.webshopper.testcases.FlyingTigerStorePageTest.verifyFTCItemCanBeAddedToBasket() on instance com.mishipay.webshopper.testcases.FlyingTigerStorePageTest@126945f9]"/>
  </testcase>
  <testcase name="verifyCheckoutButtonFunctionality" classname="com.mishipay.webshopper.testcases.FlyingTigerStorePageTest" time="0.0">
    <skipped message="Method com.mishipay.webshopper.testcases.FlyingTigerStorePageTest.verifyCheckoutButtonFunctionality() on instance com.mishipay.webshopper.testcases.FlyingTigerStorePageTest@126945f9 depends on not successfully finished methods &#10;[com.mishipay.webshopper.testcases.FlyingTigerStorePageTest.verifyDonationPopupAppears() on instance com.mishipay.webshopper.testcases.FlyingTigerStorePageTest@126945f9]"/>
  </testcase>
  <testcase name="verifyFTCPaymentScreenFunctionality" classname="com.mishipay.webshopper.testcases.FlyingTigerStorePageTest" time="0.0">
    <skipped message="Method com.mishipay.webshopper.testcases.FlyingTigerStorePageTest.verifyFTCPaymentScreenFunctionality() on instance com.mishipay.webshopper.testcases.FlyingTigerStorePageTest@126945f9 depends on not successfully finished methods &#10;[com.mishipay.webshopper.testcases.FlyingTigerStorePageTest.verifyCheckoutButtonFunctionality() on instance com.mishipay.webshopper.testcases.FlyingTigerStorePageTest@126945f9]"/>
  </testcase>
</testsuite>