<?xml version="1.0" encoding="UTF-8"?>
<testsuite xmlns:xsi="http://www.w3.org/2001/XMLSchema-instance" xsi:noNamespaceSchemaLocation="https://maven.apache.org/surefire/maven-surefire-plugin/xsd/surefire-test-report-3.0.xsd" version="3.0" name="TestSuite" time="555.347" tests="5" errors="0" skipped="0" failures="0">
  <properties>
[...]
</properties>
  <testcase name="verifyFTCStoreLogoIsDisplayed[d7d29a35-0c3b-42df-b4bc-cd7eb52dfc93, FTC](1)" classname="com.mishipay.webshopper.testcases.FlyingTigerStorePageTest" time="12.314">
    <system-out><![CDATA[Test execution started...
Loaded Properties: {browser=chrome, test.url=https://test-webapp.mishipay.com/retailer/, DDF.store.id=e2028c93-d118-4b6b-9d50-7973eee5ef4f	, FTC.store.id=d7d29a35-0c3b-42df-b4bc-cd7eb52dfc93}
Loaded Store ID: d7d29a35-0c3b-42df-b4bc-cd7eb52dfc93
Store ID in setUp: d7d29a35-0c3b-42df-b4bc-cd7eb52dfc93
Loaded Properties: {browser=chrome, test.url=https://test-webapp.mishipay.com/retailer/, DDF.store.id=e2028c93-d118-4b6b-9d50-7973eee5ef4f	, FTC.store.id=d7d29a35-0c3b-42df-b4bc-cd7eb52dfc93}
Cookies dialog dismissed.
2025-03-04 12:49:19 [main] INFO  com.mishipay.webshopper.testcases.FlyingTigerStorePageTest - Starting FTC Test
Store ID: d7d29a35-0c3b-42df-b4bc-cd7eb52dfc93, Store Name: FTC
2025-03-04 12:49:31 [main] INFO  com.mishipay.webshopper.testcases.FlyingTigerStorePageTest - FTC Logo validation test executed successfully
]]></system-out>
    <system-err><![CDATA[SLF4J: Failed to load class "org.slf4j.impl.StaticLoggerBinder".
SLF4J: Defaulting to no-operation (NOP) logger implementation
SLF4J: See http://www.slf4j.org/codes.html#StaticLoggerBinder for further details.
]]></system-err>
  </testcase>
  <testcase name="verifyItemCanBeAddedToBasket[d7d29a35-0c3b-42df-b4bc-cd7eb52dfc93, FTC](1)" classname="com.mishipay.webshopper.testcases.FlyingTigerStorePageTest" time="33.166">
    <system-out><![CDATA[2025-03-04 12:49:31 [main] INFO  com.mishipay.webshopper.testcases.FlyingTigerStorePageTest - Resetting browser state
Loaded Store ID: d7d29a35-0c3b-42df-b4bc-cd7eb52dfc93
Store ID in setUp: d7d29a35-0c3b-42df-b4bc-cd7eb52dfc93
Loaded Properties: {browser=chrome, test.url=https://test-webapp.mishipay.com/retailer/, DDF.store.id=e2028c93-d118-4b6b-9d50-7973eee5ef4f	, FTC.store.id=d7d29a35-0c3b-42df-b4bc-cd7eb52dfc93}
Cookies dialog dismissed.
2025-03-04 12:49:59 [main] INFO  com.mishipay.webshopper.testcases.FlyingTigerStorePageTest - Barcode scanning function started
2025-03-04 12:50:10 [main] INFO  com.mishipay.webshopper.testcases.FlyingTigerStorePageTest - cannot scan button clicked successfully
2025-03-04 12:50:10 [main] INFO  com.mishipay.webshopper.testcases.FlyingTigerStorePageTest - entering the barcode now
2025-03-04 12:50:16 [main] INFO  com.mishipay.webshopper.testcases.FlyingTigerStorePageTest - Barcode scanning function executed successfully
2025-03-04 12:50:22 [main] INFO  com.mishipay.webshopper.testcases.FlyingTigerStorePageTest - clicking on submit button is success
2025-03-04 12:50:33 [main] INFO  com.mishipay.webshopper.testcases.FlyingTigerStorePageTest - clicking on basket button is success
]]></system-out>
  </testcase>
  <testcase name="verifyDonationPopupAppears[d7d29a35-0c3b-42df-b4bc-cd7eb52dfc93, FTC](1)" classname="com.mishipay.webshopper.testcases.FlyingTigerStorePageTest" time="46.999">
    <system-out><![CDATA[2025-03-04 12:50:33 [main] INFO  com.mishipay.webshopper.testcases.FlyingTigerStorePageTest - Resetting browser state
Loaded Store ID: d7d29a35-0c3b-42df-b4bc-cd7eb52dfc93
Store ID in setUp: d7d29a35-0c3b-42df-b4bc-cd7eb52dfc93
Loaded Properties: {browser=chrome, test.url=https://test-webapp.mishipay.com/retailer/, DDF.store.id=e2028c93-d118-4b6b-9d50-7973eee5ef4f	, FTC.store.id=d7d29a35-0c3b-42df-b4bc-cd7eb52dfc93}
Cookies dialog dismissed.
2025-03-04 12:51:06 [main] INFO  com.mishipay.webshopper.testcases.FlyingTigerStorePageTest - Barcode scanning function started
2025-03-04 12:51:15 [main] INFO  com.mishipay.webshopper.testcases.FlyingTigerStorePageTest - cannot scan button clicked successfully
2025-03-04 12:51:15 [main] INFO  com.mishipay.webshopper.testcases.FlyingTigerStorePageTest - entering the barcode now
2025-03-04 12:51:21 [main] INFO  com.mishipay.webshopper.testcases.FlyingTigerStorePageTest - Barcode scanning function executed successfully
2025-03-04 12:51:27 [main] INFO  com.mishipay.webshopper.testcases.FlyingTigerStorePageTest - clicking on submit button is success
2025-03-04 12:51:37 [main] INFO  com.mishipay.webshopper.testcases.FlyingTigerStorePageTest - clicking on basket button is success
2025-03-04 12:51:43 [main] INFO  com.mishipay.webshopper.testcases.FlyingTigerStorePageTest - waiting for donation pop up to appear
2025-03-04 12:51:44 [main] INFO  com.mishipay.webshopper.testcases.FlyingTigerStorePageTest - donation pop up to appear test executed successfully
2025-03-04 12:51:51 [main] INFO  com.mishipay.webshopper.testcases.FlyingTigerStorePageTest - fetching the text on the donation pop up
2025-03-04 12:51:51 [main] INFO  com.mishipay.webshopper.testcases.FlyingTigerStorePageTest - fetching the text on the donation pop up is successfullu executed 
2025-03-04 12:51:51 [main] INFO  com.mishipay.webshopper.testcases.FlyingTigerStorePageTest - clicking OK button on donation pop up test executing
Click successful
2025-03-04 12:51:53 [main] INFO  com.mishipay.webshopper.testcases.FlyingTigerStorePageTest - clicking OK button on donation pop up test executed successfully
]]></system-out>
  </testcase>
  <testcase name="verifyCheckoutButtonFunctionality[d7d29a35-0c3b-42df-b4bc-cd7eb52dfc93, FTC](1)" classname="com.mishipay.webshopper.testcases.FlyingTigerStorePageTest" time="78.983">
    <system-out><![CDATA[2025-03-04 12:51:53 [main] INFO  com.mishipay.webshopper.testcases.FlyingTigerStorePageTest - Resetting browser state
Loaded Store ID: d7d29a35-0c3b-42df-b4bc-cd7eb52dfc93
Store ID in setUp: d7d29a35-0c3b-42df-b4bc-cd7eb52dfc93
Loaded Properties: {browser=chrome, test.url=https://test-webapp.mishipay.com/retailer/, DDF.store.id=e2028c93-d118-4b6b-9d50-7973eee5ef4f	, FTC.store.id=d7d29a35-0c3b-42df-b4bc-cd7eb52dfc93}
Cookies dialog dismissed.
2025-03-04 12:52:20 [main] INFO  com.mishipay.webshopper.testcases.FlyingTigerStorePageTest - Barcode scanning function started
2025-03-04 12:52:31 [main] INFO  com.mishipay.webshopper.testcases.FlyingTigerStorePageTest - cannot scan button clicked successfully
2025-03-04 12:52:31 [main] INFO  com.mishipay.webshopper.testcases.FlyingTigerStorePageTest - entering the barcode now
2025-03-04 12:52:37 [main] INFO  com.mishipay.webshopper.testcases.FlyingTigerStorePageTest - Barcode scanning function executed successfully
2025-03-04 12:52:43 [main] INFO  com.mishipay.webshopper.testcases.FlyingTigerStorePageTest - clicking on submit button is success
2025-03-04 12:52:55 [main] INFO  com.mishipay.webshopper.testcases.FlyingTigerStorePageTest - clicking on basket button is success
2025-03-04 12:53:01 [main] INFO  com.mishipay.webshopper.testcases.FlyingTigerStorePageTest - waiting for donation pop up to appear
2025-03-04 12:53:03 [main] INFO  com.mishipay.webshopper.testcases.FlyingTigerStorePageTest - donation pop up to appear test executed successfully
2025-03-04 12:53:09 [main] INFO  com.mishipay.webshopper.testcases.FlyingTigerStorePageTest - fetching the text on the donation pop up
2025-03-04 12:53:11 [main] INFO  com.mishipay.webshopper.testcases.FlyingTigerStorePageTest - fetching the text on the donation pop up is successfullu executed 
2025-03-04 12:53:11 [main] INFO  com.mishipay.webshopper.testcases.FlyingTigerStorePageTest - clicking OK button on donation pop up test executing
Click successful
2025-03-04 12:53:13 [main] INFO  com.mishipay.webshopper.testcases.FlyingTigerStorePageTest - clicking OK button on donation pop up test executed successfully
2025-03-04 12:53:19 [main] INFO  com.mishipay.webshopper.testcases.FlyingTigerStorePageTest - waiting for checkout button to appear
2025-03-04 12:53:21 [main] INFO  com.mishipay.webshopper.testcases.FlyingTigerStorePageTest - clicked on checkout button successfully
2025-03-04 12:53:31 [main] INFO  com.mishipay.webshopper.testcases.FlyingTigerStorePageTest - clicked on checkout2 button successfully
2025-03-04 12:53:31 [main] INFO  com.mishipay.webshopper.testcases.FlyingTigerStorePageTest - app navigated to payment screen
]]></system-out>
  </testcase>
  <testcase name="verifyPaymentScreenFunctionality[d7d29a35-0c3b-42df-b4bc-cd7eb52dfc93, FTC](1)" classname="com.mishipay.webshopper.testcases.FlyingTigerStorePageTest" time="158.158">
    <system-out><![CDATA[2025-03-04 12:53:39 [main] INFO  com.mishipay.webshopper.testcases.FlyingTigerStorePageTest - Resetting browser state
Loaded Store ID: d7d29a35-0c3b-42df-b4bc-cd7eb52dfc93
Store ID in setUp: d7d29a35-0c3b-42df-b4bc-cd7eb52dfc93
Loaded Properties: {browser=chrome, test.url=https://test-webapp.mishipay.com/retailer/, DDF.store.id=e2028c93-d118-4b6b-9d50-7973eee5ef4f	, FTC.store.id=d7d29a35-0c3b-42df-b4bc-cd7eb52dfc93}
Cookies dialog dismissed.
2025-03-04 12:55:07 [main] INFO  com.mishipay.webshopper.testcases.FlyingTigerStorePageTest - Barcode scanning function started
2025-03-04 12:55:21 [main] INFO  com.mishipay.webshopper.testcases.FlyingTigerStorePageTest - cannot scan button clicked successfully
2025-03-04 12:55:21 [main] INFO  com.mishipay.webshopper.testcases.FlyingTigerStorePageTest - entering the barcode now
2025-03-04 12:55:27 [main] INFO  com.mishipay.webshopper.testcases.FlyingTigerStorePageTest - Barcode scanning function executed successfully
2025-03-04 12:55:34 [main] INFO  com.mishipay.webshopper.testcases.FlyingTigerStorePageTest - clicking on submit button is success
2025-03-04 12:55:54 [main] INFO  com.mishipay.webshopper.testcases.FlyingTigerStorePageTest - clicking on basket button is success
2025-03-04 12:56:00 [main] INFO  com.mishipay.webshopper.testcases.FlyingTigerStorePageTest - waiting for donation pop up to appear
2025-03-04 12:56:06 [main] INFO  com.mishipay.webshopper.testcases.FlyingTigerStorePageTest - donation pop up to appear test executed successfully
2025-03-04 12:56:12 [main] INFO  com.mishipay.webshopper.testcases.FlyingTigerStorePageTest - fetching the text on the donation pop up
2025-03-04 12:56:13 [main] INFO  com.mishipay.webshopper.testcases.FlyingTigerStorePageTest - fetching the text on the donation pop up is successfullu executed 
2025-03-04 12:56:13 [main] INFO  com.mishipay.webshopper.testcases.FlyingTigerStorePageTest - clicking OK button on donation pop up test executing
Click successful
2025-03-04 12:56:15 [main] INFO  com.mishipay.webshopper.testcases.FlyingTigerStorePageTest - clicking OK button on donation pop up test executed successfully
2025-03-04 12:56:21 [main] INFO  com.mishipay.webshopper.testcases.FlyingTigerStorePageTest - waiting for checkout button to appear
2025-03-04 12:56:22 [main] INFO  com.mishipay.webshopper.testcases.FlyingTigerStorePageTest - clicked on checkout button successfully
2025-03-04 12:56:34 [main] INFO  com.mishipay.webshopper.testcases.FlyingTigerStorePageTest - clicked on checkout2 button successfully
2025-03-04 12:56:34 [main] INFO  com.mishipay.webshopper.testcases.FlyingTigerStorePageTest - app navigated to payment screen
2025-03-04 12:56:52 [main] INFO  com.mishipay.webshopper.testcases.FlyingTigerStorePageTest - waiting for payment screen to host
2025-03-04 12:56:52 [main] INFO  com.mishipay.webshopper.testcases.FlyingTigerStorePageTest - payment screen is hosted
2025-03-04 12:56:52 [main] INFO  com.mishipay.webshopper.testcases.FlyingTigerStorePageTest - Entering email: Harshitha@mishipay.com
2025-03-04 12:57:23 [main] INFO  com.mishipay.webshopper.testcases.FlyingTigerStorePageTest - Entering cardholder name: Test
2025-03-04 12:57:24 [main] INFO  com.mishipay.webshopper.testcases.FlyingTigerStorePageTest - Entering card number: 4147 4630 1111 0133
2025-03-04 12:57:30 [main] INFO  com.mishipay.webshopper.testcases.FlyingTigerStorePageTest - Entering expiry date: 12/28
2025-03-04 12:57:32 [main] INFO  com.mishipay.webshopper.testcases.FlyingTigerStorePageTest - Entering CVV: 454
2025-03-04 12:57:32 [main] INFO  com.mishipay.webshopper.testcases.FlyingTigerStorePageTest - Clicking pay button
]]></system-out>
  </testcase>
</testsuite>