<?xml version="1.0" encoding="UTF-8"?>
<testng-results ignored="0" total="5" passed="5" failed="0" skipped="0">
  <reporter-output>
  </reporter-output>
  <suite started-at="2025-03-17T18:18:05 IST" name="Default suite" finished-at="2025-03-17T18:21:29 IST" duration-ms="204602">
    <groups>
    </groups>
    <test started-at="2025-03-17T18:18:05 IST" name="Default test" finished-at="2025-03-17T18:21:29 IST" duration-ms="204602">
      <class name="com.mishipay.webshopper.testcases.FlyingTigerStorePageTest">
        <test-method is-config="true" signature="setUp()[pri:0, instance:com.mishipay.webshopper.testcases.FlyingTigerStorePageTest@267f474e]" started-at="2025-03-17T18:18:05 IST" name="setUp" finished-at="2025-03-17T18:18:28 IST" duration-ms="23922" status="PASS">
          <reporter-output>
          </reporter-output>
        </test-method> <!-- setUp -->
        <test-method signature="verifyFTCStoreLogoIsDisplayed(java.lang.String,java.lang.String)[pri:1, instance:com.mishipay.webshopper.testcases.FlyingTigerStorePageTest@267f474e]" started-at="2025-03-17T18:18:28 IST" name="verifyFTCStoreLogoIsDisplayed" data-provider="FTCStoreData" finished-at="2025-03-17T18:18:41 IST" duration-ms="12516" status="PASS">
          <params>
            <param index="0">
              <value>
                <![CDATA[d7d29a35-0c3b-42df-b4bc-cd7eb52dfc93]]>
              </value>
            </param>
            <param index="1">
              <value>
                <![CDATA[FTC]]>
              </value>
            </param>
          </params>
          <reporter-output>
          </reporter-output>
        </test-method> <!-- verifyFTCStoreLogoIsDisplayed -->
        <test-method signature="verifyFTCItemCanBeAddedToBasket(java.lang.String,java.lang.String)[pri:2, instance:com.mishipay.webshopper.testcases.FlyingTigerStorePageTest@267f474e]" started-at="2025-03-17T18:18:41 IST" name="verifyFTCItemCanBeAddedToBasket" data-provider="FTCStoreData" finished-at="2025-03-17T18:19:18 IST" depends-on-methods="com.mishipay.webshopper.testcases.FlyingTigerStorePageTest.verifyFTCStoreLogoIsDisplayed" duration-ms="36725" status="PASS">
          <params>
            <param index="0">
              <value>
                <![CDATA[d7d29a35-0c3b-42df-b4bc-cd7eb52dfc93]]>
              </value>
            </param>
            <param index="1">
              <value>
                <![CDATA[FTC]]>
              </value>
            </param>
          </params>
          <reporter-output>
          </reporter-output>
        </test-method> <!-- verifyFTCItemCanBeAddedToBasket -->
        <test-method signature="verifyDonationPopupAppears(java.lang.String,java.lang.String)[pri:3, instance:com.mishipay.webshopper.testcases.FlyingTigerStorePageTest@267f474e]" started-at="2025-03-17T18:19:18 IST" name="verifyDonationPopupAppears" data-provider="FTCStoreData" finished-at="2025-03-17T18:19:28 IST" depends-on-methods="com.mishipay.webshopper.testcases.FlyingTigerStorePageTest.verifyFTCItemCanBeAddedToBasket" duration-ms="10743" status="PASS">
          <params>
            <param index="0">
              <value>
                <![CDATA[d7d29a35-0c3b-42df-b4bc-cd7eb52dfc93]]>
              </value>
            </param>
            <param index="1">
              <value>
                <![CDATA[FTC]]>
              </value>
            </param>
          </params>
          <reporter-output>
          </reporter-output>
        </test-method> <!-- verifyDonationPopupAppears -->
        <test-method signature="verifyCheckoutButtonFunctionality(java.lang.String,java.lang.String)[pri:4, instance:com.mishipay.webshopper.testcases.FlyingTigerStorePageTest@267f474e]" started-at="2025-03-17T18:19:28 IST" name="verifyCheckoutButtonFunctionality" data-provider="FTCStoreData" finished-at="2025-03-17T18:19:39 IST" depends-on-methods="com.mishipay.webshopper.testcases.FlyingTigerStorePageTest.verifyDonationPopupAppears" duration-ms="10370" status="PASS">
          <params>
            <param index="0">
              <value>
                <![CDATA[d7d29a35-0c3b-42df-b4bc-cd7eb52dfc93]]>
              </value>
            </param>
            <param index="1">
              <value>
                <![CDATA[FTC]]>
              </value>
            </param>
          </params>
          <reporter-output>
          </reporter-output>
        </test-method> <!-- verifyCheckoutButtonFunctionality -->
        <test-method signature="verifyFTCPaymentScreenFunctionality(java.lang.String,java.lang.String)[pri:5, instance:com.mishipay.webshopper.testcases.FlyingTigerStorePageTest@267f474e]" started-at="2025-03-17T18:19:39 IST" name="verifyFTCPaymentScreenFunctionality" data-provider="FTCStoreData" finished-at="2025-03-17T18:20:54 IST" depends-on-methods="com.mishipay.webshopper.testcases.FlyingTigerStorePageTest.verifyCheckoutButtonFunctionality" duration-ms="74889" status="PASS">
          <params>
            <param index="0">
              <value>
                <![CDATA[d7d29a35-0c3b-42df-b4bc-cd7eb52dfc93]]>
              </value>
            </param>
            <param index="1">
              <value>
                <![CDATA[FTC]]>
              </value>
            </param>
          </params>
          <reporter-output>
          </reporter-output>
        </test-method> <!-- verifyFTCPaymentScreenFunctionality -->
        <test-method is-config="true" signature="tearDown()[pri:0, instance:com.mishipay.webshopper.testcases.FlyingTigerStorePageTest@267f474e]" started-at="2025-03-17T18:20:54 IST" name="tearDown" finished-at="2025-03-17T18:21:29 IST" duration-ms="35375" status="PASS">
          <reporter-output>
          </reporter-output>
        </test-method> <!-- tearDown -->
      </class> <!-- com.mishipay.webshopper.testcases.FlyingTigerStorePageTest -->
    </test> <!-- Default test -->
  </suite> <!-- Default suite -->
</testng-results>
