<?xml version="1.0" encoding="UTF-8"?>
<!-- Generated by org.testng.reporters.JUnitXMLReporter -->
<testsuite ignored="0" hostname="220-Kaushal-Varma.local" failures="0" tests="5" name="Webapp Testcases" time="3.343" errors="0" timestamp="2025-03-24T16:34:24 IST">
  <testcase classname="com.mishipay.webshopper.testcases.FlyingTigerStorePageTest" name="@BeforeClass setUp" time="2.736">
    <failure type="java.lang.ExceptionInInitializerError">
      <![CDATA[java.lang.ExceptionInInitializerError
at com.mishipay.webshopper.pages.FlyingTigerStorePage.<init>(FlyingTigerStorePage.java:53)
at com.mishipay.webshopper.testcases.FlyingTigerStorePageTest.setUp(FlyingTigerStorePageTest.java:34)
at java.base/java.util.ArrayList.forEach(ArrayList.java:1511)
Caused by: java.lang.RuntimeException: Failed to load config.properties file
at com.mishipay.webshopper.utils.PaymentUtil.<clinit>(PaymentUtil.java:20)
... 32 more
... Removed 29 stack frames]]>
    </failure>
  </testcase> <!-- @BeforeClass setUp -->
  <testcase classname="com.mishipay.webshopper.testcases.FlyingTigerStorePageTest" name="verifyFTCStoreLogoIsDisplayed" time="0.0">
    <skipped/>
  </testcase> <!-- verifyFTCStoreLogoIsDisplayed -->
  <testcase classname="com.mishipay.webshopper.testcases.FlyingTigerStorePageTest" name="verifyFTCItemCanBeAddedToBasket" time="0.0">
    <skipped/>
  </testcase> <!-- verifyFTCItemCanBeAddedToBasket -->
  <testcase classname="com.mishipay.webshopper.testcases.FlyingTigerStorePageTest" name="verifyDonationPopupAppears" time="0.0">
    <skipped/>
  </testcase> <!-- verifyDonationPopupAppears -->
  <testcase classname="com.mishipay.webshopper.testcases.FlyingTigerStorePageTest" name="verifyCheckoutButtonFunctionality" time="0.0">
    <skipped/>
  </testcase> <!-- verifyCheckoutButtonFunctionality -->
  <testcase classname="com.mishipay.webshopper.testcases.FlyingTigerStorePageTest" name="verifyFTCPaymentScreenFunctionality" time="0.0">
    <skipped/>
  </testcase> <!-- verifyFTCPaymentScreenFunctionality -->
</testsuite> <!-- Webapp Testcases -->
