<?xml version="1.0" encoding="UTF-8"?>
<!-- Generated by org.testng.reporters.JUnitXMLReporter -->
<testsuite ignored="0" hostname="059-Harshitha-U-B.local" failures="0" tests="2" name="Webapp Testcases" time="78.194" errors="0" timestamp="2025-03-01T12:31:12 IST">
  <testcase classname="com.mishipay.webshopper.testcases.DDFStorePageTest" name="validateDDFStoreLogo" time="8.169"/>
  <testcase classname="com.mishipay.webshopper.testcases.DDFStorePageTest" name="testBoardingPassInjection" time="20.003"/>
</testsuite> <!-- Webapp Testcases -->
